{
  "uid" : "6b0ccdd85bcd382",
  "name" : "Тестовый сценарий № 3",
  "fullName" : "tests.test_scenarios.TestScenarios#test_3",
  "historyId" : "6269f2ef8c59e1eb1987ef2dc7188ccf",
  "time" : {
    "start" : 1702836311156,
    "stop" : 1702836322950,
    "duration" : 11794
  },
  "description" : "Тестовый кейс № 3",
  "descriptionHtml" : "<p>Тестовый кейс № 3</p>\n",
  "status" : "failed",
  "statusMessage" : "AssertionError: assert 7.019999046325683 < 0.01\n +  where 7.019999046325683 = abs((7.02 - 9.5367431640625e-07))",
  "statusTrace" : "self = <tests.test_scenarios.TestScenarios object at 0x7f238ecad1f0>\ndriver = <selenium.webdriver.chrome.webdriver.WebDriver (session=\"b9e9ecb933698872b4c3d12e4ffa14cc\")>\n\n    @allure.title(\"Тестовый сценарий № 3\")\n    @allure.severity(\"Normal\")\n    def test_3(self, driver):\n        \"\"\"Тестовый кейс № 3\"\"\"\n        # открытие https://sbis.ru/\n        driver.get(IndexPageSbis.url_page)\n        index_page_sbis = IndexPageSbis(webdriver=driver)\n        assert \"СБИС\" in index_page_sbis.get_title()\n    \n        # переход на страницу для скачивания файлов\n        download_page_sbis = index_page_sbis.click_link_download_sbis()\n        assert \"Скачать\" in download_page_sbis.get_title()\n    \n        # кликнуть по кнопке СБИС Плагин\n        download_page_sbis.click_button_plugin()\n    \n        # проверить что активна кнопка Windows\n        assert download_page_sbis.is_active_button_windows() is True\n    \n        # скачивание файла\n        download_page_sbis.download_file()\n        size_file_from_website = download_page_sbis.get_size_download_file()\n        assert download_file.is_download_completed() is True\n        file_path = download_file.get_latest_file()\n        size_download_file = download_file.get_size_file(file_path)\n    \n        # проверка размера файла\n>       assert abs(size_file_from_website - size_download_file) < 0.01\nE       assert 7.019999046325683 < 0.01\nE        +  where 7.019999046325683 = abs((7.02 - 9.5367431640625e-07))\n\ntests/test_scenarios.py:96: AssertionError",
  "flaky" : false,
  "newFailed" : false,
  "beforeStages" : [ {
    "name" : "driver",
    "time" : {
      "start" : 1702836310345,
      "stop" : 1702836311156,
      "duration" : 811
    },
    "status" : "passed",
    "steps" : [ ],
    "attachments" : [ ],
    "parameters" : [ ],
    "attachmentsCount" : 0,
    "shouldDisplayMessage" : false,
    "stepsCount" : 0,
    "hasContent" : false
  } ],
  "testStage" : {
    "description" : "Тестовый кейс № 3",
    "status" : "failed",
    "statusMessage" : "AssertionError: assert 7.019999046325683 < 0.01\n +  where 7.019999046325683 = abs((7.02 - 9.5367431640625e-07))",
    "statusTrace" : "self = <tests.test_scenarios.TestScenarios object at 0x7f238ecad1f0>\ndriver = <selenium.webdriver.chrome.webdriver.WebDriver (session=\"b9e9ecb933698872b4c3d12e4ffa14cc\")>\n\n    @allure.title(\"Тестовый сценарий № 3\")\n    @allure.severity(\"Normal\")\n    def test_3(self, driver):\n        \"\"\"Тестовый кейс № 3\"\"\"\n        # открытие https://sbis.ru/\n        driver.get(IndexPageSbis.url_page)\n        index_page_sbis = IndexPageSbis(webdriver=driver)\n        assert \"СБИС\" in index_page_sbis.get_title()\n    \n        # переход на страницу для скачивания файлов\n        download_page_sbis = index_page_sbis.click_link_download_sbis()\n        assert \"Скачать\" in download_page_sbis.get_title()\n    \n        # кликнуть по кнопке СБИС Плагин\n        download_page_sbis.click_button_plugin()\n    \n        # проверить что активна кнопка Windows\n        assert download_page_sbis.is_active_button_windows() is True\n    \n        # скачивание файла\n        download_page_sbis.download_file()\n        size_file_from_website = download_page_sbis.get_size_download_file()\n        assert download_file.is_download_completed() is True\n        file_path = download_file.get_latest_file()\n        size_download_file = download_file.get_size_file(file_path)\n    \n        # проверка размера файла\n>       assert abs(size_file_from_website - size_download_file) < 0.01\nE       assert 7.019999046325683 < 0.01\nE        +  where 7.019999046325683 = abs((7.02 - 9.5367431640625e-07))\n\ntests/test_scenarios.py:96: AssertionError",
    "steps" : [ {
      "name" : "Клик по кнопке Скачать СБИС",
      "time" : {
        "start" : 1702836315250,
        "stop" : 1702836320050,
        "duration" : 4800
      },
      "status" : "passed",
      "steps" : [ ],
      "attachments" : [ ],
      "parameters" : [ ],
      "attachmentsCount" : 0,
      "shouldDisplayMessage" : false,
      "stepsCount" : 0,
      "hasContent" : false
    }, {
      "name" : "Клик по кнопке СБИС Плагин",
      "time" : {
        "start" : 1702836320052,
        "stop" : 1702836321156,
        "duration" : 1104
      },
      "status" : "passed",
      "steps" : [ ],
      "attachments" : [ ],
      "parameters" : [ ],
      "attachmentsCount" : 0,
      "shouldDisplayMessage" : false,
      "stepsCount" : 0,
      "hasContent" : false
    }, {
      "name" : "Скачивание файла",
      "time" : {
        "start" : 1702836321175,
        "stop" : 1702836322935,
        "duration" : 1760
      },
      "status" : "passed",
      "steps" : [ ],
      "attachments" : [ ],
      "parameters" : [ ],
      "attachmentsCount" : 0,
      "shouldDisplayMessage" : false,
      "stepsCount" : 0,
      "hasContent" : false
    } ],
    "attachments" : [ ],
    "parameters" : [ ],
    "attachmentsCount" : 0,
    "shouldDisplayMessage" : true,
    "stepsCount" : 3,
    "hasContent" : true
  },
  "afterStages" : [ {
    "name" : "driver::0",
    "time" : {
      "start" : 1702836322953,
      "stop" : 1702836323031,
      "duration" : 78
    },
    "status" : "passed",
    "steps" : [ ],
    "attachments" : [ ],
    "parameters" : [ ],
    "attachmentsCount" : 0,
    "shouldDisplayMessage" : false,
    "stepsCount" : 0,
    "hasContent" : false
  } ],
  "labels" : [ {
    "name" : "severity",
    "value" : "Normal"
  }, {
    "name" : "feature",
    "value" : "Тестовые сценарии"
  }, {
    "name" : "parentSuite",
    "value" : "tests"
  }, {
    "name" : "suite",
    "value" : "test_scenarios"
  }, {
    "name" : "subSuite",
    "value" : "TestScenarios"
  }, {
    "name" : "host",
    "value" : "ce8e076e5a99"
  }, {
    "name" : "thread",
    "value" : "1-MainThread"
  }, {
    "name" : "framework",
    "value" : "pytest"
  }, {
    "name" : "language",
    "value" : "cpython3"
  }, {
    "name" : "package",
    "value" : "tests.test_scenarios"
  }, {
    "name" : "resultFormat",
    "value" : "allure2"
  } ],
  "parameters" : [ ],
  "links" : [ ],
  "hidden" : false,
  "retry" : false,
  "extra" : {
    "severity" : "normal",
    "retries" : [ ],
    "categories" : [ {
      "name" : "Product defects",
      "matchedStatuses" : [ ],
      "flaky" : false
    } ],
    "tags" : [ ]
  },
  "source" : "6b0ccdd85bcd382.json",
  "parameterValues" : [ ]
}